<?xml version="1.0" encoding="UTF-8"?>
<!-- Generated by org.testng.reporters.JUnitReportReporter -->
<testsuite hostname="Imrans-Macbook-Pro.local" failures="0" tests="1" name="test.day2" time="0.023" errors="0" timestamp="2025-07-02T17:20:37 IST" skipped="0">
  <testcase classname="test.day2" name="ploan" time="0.023"/>
</testsuite> <!-- test.day2 -->
